# JRE version: OpenJDK Runtime Environment (8.0_202) (build 1.8.0_202-release-1483-b49-5587405)
# Java VM: OpenJDK 64-Bit Server VM (25.202-b49-5587405 mixed mode bsd-amd64 compressed oops)
Heap:
 PSYoungGen      total 479232K, used 479227K [0x00000007a0000000, 0x00000007c0000000, 0x00000007c0000000)
  eden space 434176K, 100% used [0x00000007a0000000,0x00000007ba800000,0x00000007ba800000)
  from space 45056K, 99% used [0x00000007ba800000,0x00000007bd3fefd0,0x00000007bd400000)
  to   space 45056K, 86% used [0x00000007bd400000,0x00000007bfa10688,0x00000007c0000000)
 ParOldGen       total 815616K, used 702317K [0x0000000760000000, 0x0000000791c80000, 0x00000007a0000000)
  object space 815616K, 86% used [0x0000000760000000,0x000000078addb630,0x0000000791c80000)
 Metaspace       used 124988K, capacity 131904K, committed 138072K, reserved 1169408K
  class space    used 15731K, capacity 17035K, committed 17792K, reserved 1048576K
GC Heap History (10 events):
Event: 4795.663 GC heap after
Heap after GC invocations=189 (full 12):
 PSYoungGen      total 488448K, used 20896K [0x00000007a0000000, 0x00000007bfe80000, 0x00000007c0000000)
  eden space 454656K, 0% used [0x00000007a0000000,0x00000007a0000000,0x00000007bbc00000)
  from space 33792K, 61% used [0x00000007bbc00000,0x00000007bd068010,0x00000007bdd00000)
  to   space 32768K, 0% used [0x00000007bde80000,0x00000007bde80000,0x00000007bfe80000)
 ParOldGen       total 815616K, used 601023K [0x0000000760000000, 0x0000000791c80000, 0x00000007a0000000)
  object space 815616K, 73% used [0x0000000760000000,0x0000000784aefe20,0x0000000791c80000)
 Metaspace       used 123940K, capacity 130258K, committed 137688K, reserved 1169408K
  class space    used 15589K, capacity 16792K, committed 17664K, reserved 1048576K
}
Event: 4796.333 GC heap before
{Heap before GC invocations=190 (full 12):
 PSYoungGen      total 488448K, used 475552K [0x00000007a0000000, 0x00000007bfe80000, 0x00000007c0000000)
  eden space 454656K, 100% used [0x00000007a0000000,0x00000007bbc00000,0x00000007bbc00000)
  from space 33792K, 61% used [0x00000007bbc00000,0x00000007bd068010,0x00000007bdd00000)
  to   space 32768K, 0% used [0x00000007bde80000,0x00000007bde80000,0x00000007bfe80000)
 ParOldGen       total 815616K, used 601023K [0x0000000760000000, 0x0000000791c80000, 0x00000007a0000000)
  object space 815616K, 73% used [0x0000000760000000,0x0000000784aefe20,0x0000000791c80000)
 Metaspace       used 123940K, capacity 130258K, committed 137688K, reserved 1169408K
  class space    used 15589K, capacity 16792K, committed 17664K, reserved 1048576K
Event: 4796.367 GC heap after
Heap after GC invocations=190 (full 12):
 PSYoungGen      total 489984K, used 21776K [0x00000007a0000000, 0x00000007bfe00000, 0x00000007c0000000)
  eden space 457728K, 0% used [0x00000007a0000000,0x00000007a0000000,0x00000007bbf00000)
  from space 32256K, 67% used [0x00000007bde80000,0x00000007bf3c4020,0x00000007bfe00000)
  to   space 32256K, 0% used [0x00000007bbf00000,0x00000007bbf00000,0x00000007bde80000)
 ParOldGen       total 815616K, used 602151K [0x0000000760000000, 0x0000000791c80000, 0x00000007a0000000)
  object space 815616K, 73% used [0x0000000760000000,0x0000000784c09e20,0x0000000791c80000)
 Metaspace       used 123940K, capacity 130258K, committed 137688K, reserved 1169408K
  class space    used 15589K, capacity 16792K, committed 17664K, reserved 1048576K
}
Event: 4797.150 GC heap before
{Heap before GC invocations=191 (full 12):
 PSYoungGen      total 489984K, used 479504K [0x00000007a0000000, 0x00000007bfe00000, 0x00000007c0000000)
  eden space 457728K, 100% used [0x00000007a0000000,0x00000007bbf00000,0x00000007bbf00000)
  from space 32256K, 67% used [0x00000007bde80000,0x00000007bf3c4020,0x00000007bfe00000)
  to   space 32256K, 0% used [0x00000007bbf00000,0x00000007bbf00000,0x00000007bde80000)
 ParOldGen       total 815616K, used 602151K [0x0000000760000000, 0x0000000791c80000, 0x00000007a0000000)
  object space 815616K, 73% used [0x0000000760000000,0x0000000784c09e20,0x0000000791c80000)
 Metaspace       used 123942K, capacity 130258K, committed 137688K, reserved 1169408K
  class space    used 15589K, capacity 16792K, committed 17664K, reserved 1048576K
Event: 4797.181 GC heap after
Heap after GC invocations=191 (full 12):
 PSYoungGen      total 489984K, used 18880K [0x00000007a0000000, 0x00000007c0000000, 0x00000007c0000000)
  eden space 457728K, 0% used [0x00000007a0000000,0x00000007a0000000,0x00000007bbf00000)
  from space 32256K, 58% used [0x00000007bbf00000,0x00000007bd170010,0x00000007bde80000)
  to   space 32256K, 0% used [0x00000007be080000,0x00000007be080000,0x00000007c0000000)
 ParOldGen       total 815616K, used 603687K [0x0000000760000000, 0x0000000791c80000, 0x00000007a0000000)
  object space 815616K, 74% used [0x0000000760000000,0x0000000784d89e20,0x0000000791c80000)
 Metaspace       used 123942K, capacity 130258K, committed 137688K, reserved 1169408K
  class space    used 15589K, capacity 16792K, committed 17664K, reserved 1048576K
}
Event: 4800.082 GC heap before
{Heap before GC invocations=192 (full 12):
 PSYoungGen      total 489984K, used 476608K [0x00000007a0000000, 0x00000007c0000000, 0x00000007c0000000)
  eden space 457728K, 100% used [0x00000007a0000000,0x00000007bbf00000,0x00000007bbf00000)
  from space 32256K, 58% used [0x00000007bbf00000,0x00000007bd170010,0x00000007bde80000)
  to   space 32256K, 0% used [0x00000007be080000,0x00000007be080000,0x00000007c0000000)
 ParOldGen       total 815616K, used 603687K [0x0000000760000000, 0x0000000791c80000, 0x00000007a0000000)
  object space 815616K, 74% used [0x0000000760000000,0x0000000784d89e20,0x0000000791c80000)
 Metaspace       used 123959K, capacity 130262K, committed 137688K, reserved 1169408K
  class space    used 15589K, capacity 16792K, committed 17664K, reserved 1048576K
Event: 4800.187 GC heap after
Heap after GC invocations=192 (full 12):
 PSYoungGen      total 466432K, used 32224K [0x00000007a0000000, 0x00000007c0000000, 0x00000007c0000000)
  eden space 434176K, 0% used [0x00000007a0000000,0x00000007a0000000,0x00000007ba800000)
  from space 32256K, 99% used [0x00000007be080000,0x00000007bfff8020,0x00000007c0000000)
  to   space 45056K, 0% used [0x00000007ba800000,0x00000007ba800000,0x00000007bd400000)
 ParOldGen       total 815616K, used 632072K [0x0000000760000000, 0x0000000791c80000, 0x00000007a0000000)
  object space 815616K, 77% used [0x0000000760000000,0x0000000786942100,0x0000000791c80000)
 Metaspace       used 123959K, capacity 130262K, committed 137688K, reserved 1169408K
  class space    used 15589K, capacity 16792K, committed 17664K, reserved 1048576K
}
Event: 4804.037 GC heap before
{Heap before GC invocations=193 (full 12):
 PSYoungGen      total 466432K, used 466400K [0x00000007a0000000, 0x00000007c0000000, 0x00000007c0000000)
  eden space 434176K, 100% used [0x00000007a0000000,0x00000007ba800000,0x00000007ba800000)
  from space 32256K, 99% used [0x00000007be080000,0x00000007bfff8020,0x00000007c0000000)
  to   space 45056K, 0% used [0x00000007ba800000,0x00000007ba800000,0x00000007bd400000)
 ParOldGen       total 815616K, used 632072K [0x0000000760000000, 0x0000000791c80000, 0x00000007a0000000)
  object space 815616K, 77% used [0x0000000760000000,0x0000000786942100,0x0000000791c80000)
 Metaspace       used 123971K, capacity 130326K, committed 137688K, reserved 1169408K
  class space    used 15589K, capacity 16792K, committed 17664K, reserved 1048576K
Event: 4804.339 GC heap after
Heap after GC invocations=193 (full 12):
 PSYoungGen      total 479232K, used 45051K [0x00000007a0000000, 0x00000007c0000000, 0x00000007c0000000)
  eden space 434176K, 0% used [0x00000007a0000000,0x00000007a0000000,0x00000007ba800000)
  from space 45056K, 99% used [0x00000007ba800000,0x00000007bd3fefd0,0x00000007bd400000)
  to   space 45056K, 0% used [0x00000007bd400000,0x00000007bd400000,0x00000007c0000000)
 ParOldGen       total 815616K, used 700973K [0x0000000760000000, 0x0000000791c80000, 0x00000007a0000000)
  object space 815616K, 85% used [0x0000000760000000,0x000000078ac8b630,0x0000000791c80000)
 Metaspace       used 123971K, capacity 130326K, committed 137688K, reserved 1169408K
  class space    used 15589K, capacity 16792K, committed 17664K, reserved 1048576K
}
Event: 7750.274 GC heap before
{Heap before GC invocations=194 (full 12):
 PSYoungGen      total 479232K, used 479227K [0x00000007a0000000, 0x00000007c0000000, 0x00000007c0000000)
  eden space 434176K, 100% used [0x00000007a0000000,0x00000007ba800000,0x00000007ba800000)
  from space 45056K, 99% used [0x00000007ba800000,0x00000007bd3fefd0,0x00000007bd400000)
  to   space 45056K, 0% used [0x00000007bd400000,0x00000007bd400000,0x00000007c0000000)
 ParOldGen       total 815616K, used 700973K [0x0000000760000000, 0x0000000791c80000, 0x00000007a0000000)
  object space 815616K, 85% used [0x0000000760000000,0x000000078ac8b630,0x0000000791c80000)
 Metaspace       used 124988K, capacity 131904K, committed 138072K, reserved 1169408K
  class space    used 15731K, capacity 17035K, committed 17792K, reserved 1048576K

